Added Component: Designator=ARRDUINO UNO(ARDUINO UNO)
Added Component: Designator=BT1(SW4)
Added Component: Designator=BT2(SW4)
Added Component: Designator=BT(SW4)
Added Component: Designator=DHT11(HED3)
Add component (AddParameter): Name = "Value"; Value = "Header 3"; VariantName = "[No Variations]"
Added Component: Designator=MAN HINH(I2C-LCD16X2)
Add component (AddParameter): Name = "Value"; Value = "LCD16x2A"; VariantName = "[No Variations]"
Added Component: Designator=NGUON(HED2)
Add component (AddParameter): Name = "Value"; Value = "Header 2"; VariantName = "[No Variations]"
Added Component: Designator=RTC(HDR1X5H)
Add component (AddParameter): Name = "LatestRevisionDate"; Value = "17-Jul-2002"; VariantName = "[No Variations]"
Add component (AddParameter): Name = "LatestRevisionNote"; Value = "Re-released for DXP Platform."; VariantName = "[No Variations]"
Add component (AddParameter): Name = "Publisher"; Value = "Altium Limited"; VariantName = "[No Variations]"
Added Pin To Net: NetName=GND Pin=ARRDUINO UNO-20
Added Pin To Net: NetName=GND Pin=BT-2
Added Pin To Net: NetName=GND Pin=BT-2
Added Pin To Net: NetName=GND Pin=BT1-2
Added Pin To Net: NetName=GND Pin=BT1-2
Added Pin To Net: NetName=GND Pin=BT2-2
Added Pin To Net: NetName=GND Pin=BT2-2
Added Pin To Net: NetName=GND Pin=DHT11-3
Added Pin To Net: NetName=GND Pin=MAN HINH-20
Added Pin To Net: NetName=GND Pin=NGUON-2
Added Pin To Net: NetName=GND Pin=RTC-5
Added Net: Name=GND
Added Pin To Net: NetName=NetARRDUINO UNO_2 Pin=ARRDUINO UNO-2
Added Pin To Net: NetName=NetARRDUINO UNO_2 Pin=BT-1
Added Pin To Net: NetName=NetARRDUINO UNO_2 Pin=BT-1
Added Net: Name=NetARRDUINO UNO_2
Added Pin To Net: NetName=NetARRDUINO UNO_3 Pin=ARRDUINO UNO-3
Added Pin To Net: NetName=NetARRDUINO UNO_3 Pin=BT1-1
Added Pin To Net: NetName=NetARRDUINO UNO_3 Pin=BT1-1
Added Net: Name=NetARRDUINO UNO_3
Added Pin To Net: NetName=NetARRDUINO UNO_4 Pin=ARRDUINO UNO-4
Added Pin To Net: NetName=NetARRDUINO UNO_4 Pin=BT2-1
Added Pin To Net: NetName=NetARRDUINO UNO_4 Pin=BT2-1
Added Net: Name=NetARRDUINO UNO_4
Added Pin To Net: NetName=NetARRDUINO UNO_5 Pin=ARRDUINO UNO-5
Added Pin To Net: NetName=NetARRDUINO UNO_5 Pin=DHT11-2
Added Net: Name=NetARRDUINO UNO_5
Added Pin To Net: NetName=NetARRDUINO UNO_26 Pin=ARRDUINO UNO-26
Added Pin To Net: NetName=NetARRDUINO UNO_26 Pin=MAN HINH-18
Added Pin To Net: NetName=NetARRDUINO UNO_26 Pin=RTC-3
Added Net: Name=NetARRDUINO UNO_26
Added Pin To Net: NetName=NetARRDUINO UNO_27 Pin=ARRDUINO UNO-27
Added Pin To Net: NetName=NetARRDUINO UNO_27 Pin=MAN HINH-17
Added Pin To Net: NetName=NetARRDUINO UNO_27 Pin=RTC-2
Added Net: Name=NetARRDUINO UNO_27
Added Pin To Net: NetName=VCC Pin=ARRDUINO UNO-18
Added Pin To Net: NetName=VCC Pin=DHT11-1
Added Pin To Net: NetName=VCC Pin=MAN HINH-19
Added Pin To Net: NetName=VCC Pin=NGUON-1
Added Pin To Net: NetName=VCC Pin=RTC-4
Added Net: Name=VCC
Added Class: Name=Sheet1
Added Room: Name=Sheet1
