Removed Member From Class: ClassName=Sheet1 Member=P?
Added Component: Designator=LCD(LCD16X2)
Add component (AddParameter): Name = "Value"; Value = "LCD16x2A"; VariantName = "[No Variations]"
Added Pin To Net: NetName=NetLCD_1 Pin=LCD-1
Added Pin To Net: NetName=NetLCD_1 Pin=MAN HINH1-1
Added Net: Name=NetLCD_1
Added Pin To Net: NetName=NetLCD_2 Pin=LCD-2
Added Pin To Net: NetName=NetLCD_2 Pin=MAN HINH1-2
Added Net: Name=NetLCD_2
Added Pin To Net: NetName=NetLCD_3 Pin=LCD-3
Added Pin To Net: NetName=NetLCD_3 Pin=MAN HINH1-3
Added Net: Name=NetLCD_3
Added Pin To Net: NetName=NetLCD_4 Pin=LCD-4
Added Pin To Net: NetName=NetLCD_4 Pin=MAN HINH1-4
Added Net: Name=NetLCD_4
Added Pin To Net: NetName=NetLCD_5 Pin=LCD-5
Added Pin To Net: NetName=NetLCD_5 Pin=MAN HINH1-5
Added Net: Name=NetLCD_5
Added Pin To Net: NetName=NetLCD_6 Pin=LCD-6
Added Pin To Net: NetName=NetLCD_6 Pin=MAN HINH1-6
Added Net: Name=NetLCD_6
Added Pin To Net: NetName=NetLCD_7 Pin=LCD-7
Added Pin To Net: NetName=NetLCD_7 Pin=MAN HINH1-7
Added Net: Name=NetLCD_7
Added Pin To Net: NetName=NetLCD_8 Pin=LCD-8
Added Pin To Net: NetName=NetLCD_8 Pin=MAN HINH1-8
Added Net: Name=NetLCD_8
Added Pin To Net: NetName=NetLCD_9 Pin=LCD-9
Added Pin To Net: NetName=NetLCD_9 Pin=MAN HINH1-9
Added Net: Name=NetLCD_9
Added Pin To Net: NetName=NetLCD_10 Pin=LCD-10
Added Pin To Net: NetName=NetLCD_10 Pin=MAN HINH1-10
Added Net: Name=NetLCD_10
Added Pin To Net: NetName=NetLCD_11 Pin=LCD-11
Added Pin To Net: NetName=NetLCD_11 Pin=MAN HINH1-11
Added Net: Name=NetLCD_11
Added Pin To Net: NetName=NetLCD_12 Pin=LCD-12
Added Pin To Net: NetName=NetLCD_12 Pin=MAN HINH1-12
Added Net: Name=NetLCD_12
Added Pin To Net: NetName=NetLCD_13 Pin=LCD-13
Added Pin To Net: NetName=NetLCD_13 Pin=MAN HINH1-13
Added Net: Name=NetLCD_13
Added Pin To Net: NetName=NetLCD_14 Pin=LCD-14
Added Pin To Net: NetName=NetLCD_14 Pin=MAN HINH1-14
Added Net: Name=NetLCD_14
Added Pin To Net: NetName=NetLCD_15 Pin=LCD-15
Added Pin To Net: NetName=NetLCD_15 Pin=MAN HINH1-15
Added Net: Name=NetLCD_15
Added Pin To Net: NetName=NetLCD_16 Pin=LCD-16
Added Pin To Net: NetName=NetLCD_16 Pin=MAN HINH1-16
Added Net: Name=NetLCD_16
Added Member To Class: ClassName=Sheet1 Member=Component LCD LCD16x2A
Added Room: Name=Sheet1
