Added Component: Designator=P?(HDR1X16)
Add component (AddParameter): Name = "LatestRevisionDate"; Value = "17-Jul-2002"; VariantName = "[No Variations]"
Add component (AddParameter): Name = "LatestRevisionNote"; Value = "Re-released for DXP Platform."; VariantName = "[No Variations]"
Add component (AddParameter): Name = "Publisher"; Value = "Altium Limited"; VariantName = "[No Variations]"
Added Pin To Net: NetName=NetMAN HINH1_1 Pin=MAN HINH1-1
Added Pin To Net: NetName=NetMAN HINH1_1 Pin=P?-1
Added Net: Name=NetMAN HINH1_1
Added Pin To Net: NetName=NetMAN HINH1_2 Pin=MAN HINH1-2
Added Pin To Net: NetName=NetMAN HINH1_2 Pin=P?-2
Added Net: Name=NetMAN HINH1_2
Added Pin To Net: NetName=NetMAN HINH1_3 Pin=MAN HINH1-3
Added Pin To Net: NetName=NetMAN HINH1_3 Pin=P?-3
Added Net: Name=NetMAN HINH1_3
Added Pin To Net: NetName=NetMAN HINH1_4 Pin=MAN HINH1-4
Added Pin To Net: NetName=NetMAN HINH1_4 Pin=P?-4
Added Net: Name=NetMAN HINH1_4
Added Pin To Net: NetName=NetMAN HINH1_5 Pin=MAN HINH1-5
Added Pin To Net: NetName=NetMAN HINH1_5 Pin=P?-5
Added Net: Name=NetMAN HINH1_5
Added Pin To Net: NetName=NetMAN HINH1_6 Pin=MAN HINH1-6
Added Pin To Net: NetName=NetMAN HINH1_6 Pin=P?-6
Added Net: Name=NetMAN HINH1_6
Added Pin To Net: NetName=NetMAN HINH1_7 Pin=MAN HINH1-7
Added Pin To Net: NetName=NetMAN HINH1_7 Pin=P?-7
Added Net: Name=NetMAN HINH1_7
Added Pin To Net: NetName=NetMAN HINH1_8 Pin=MAN HINH1-8
Added Pin To Net: NetName=NetMAN HINH1_8 Pin=P?-8
Added Net: Name=NetMAN HINH1_8
Added Pin To Net: NetName=NetMAN HINH1_9 Pin=MAN HINH1-9
Added Pin To Net: NetName=NetMAN HINH1_9 Pin=P?-9
Added Net: Name=NetMAN HINH1_9
Added Pin To Net: NetName=NetMAN HINH1_10 Pin=MAN HINH1-10
Added Pin To Net: NetName=NetMAN HINH1_10 Pin=P?-10
Added Net: Name=NetMAN HINH1_10
Added Pin To Net: NetName=NetMAN HINH1_11 Pin=MAN HINH1-11
Added Pin To Net: NetName=NetMAN HINH1_11 Pin=P?-11
Added Net: Name=NetMAN HINH1_11
Added Pin To Net: NetName=NetMAN HINH1_12 Pin=MAN HINH1-12
Added Pin To Net: NetName=NetMAN HINH1_12 Pin=P?-12
Added Net: Name=NetMAN HINH1_12
Added Pin To Net: NetName=NetMAN HINH1_13 Pin=MAN HINH1-13
Added Pin To Net: NetName=NetMAN HINH1_13 Pin=P?-13
Added Net: Name=NetMAN HINH1_13
Added Pin To Net: NetName=NetMAN HINH1_14 Pin=MAN HINH1-14
Added Pin To Net: NetName=NetMAN HINH1_14 Pin=P?-14
Added Net: Name=NetMAN HINH1_14
Added Pin To Net: NetName=NetMAN HINH1_15 Pin=MAN HINH1-15
Added Pin To Net: NetName=NetMAN HINH1_15 Pin=P?-15
Added Net: Name=NetMAN HINH1_15
Added Pin To Net: NetName=NetMAN HINH1_16 Pin=MAN HINH1-16
Added Pin To Net: NetName=NetMAN HINH1_16 Pin=P?-16
Added Net: Name=NetMAN HINH1_16
Added Member To Class: ClassName=Sheet1 Member=Component BT2 BT1
Added Member To Class: ClassName=Sheet1 Member=Component P? LCD
Added Room: Name=Sheet1
